c:\sachin\sim\neurosim\neurosim\x64\debug\vc143.pdb
c:\sachin\sim\neurosim\neurosim\x64\debug\vc143.idb
c:\sachin\sim\neurosim\neurosim\x64\debug\window.obj
c:\sachin\sim\neurosim\neurosim\x64\debug\shader.obj
c:\sachin\sim\neurosim\neurosim\x64\debug\neurosim.obj
c:\sachin\sim\neurosim\neurosim\x64\debug\mesh.obj
c:\sachin\sim\neurosim\neurosim\x64\debug\neurosim.ilk
c:\sachin\sim\neurosim\x64\debug\neurosim.pdb
c:\sachin\sim\neurosim\neurosim\x64\debug\neurosim.tlog\cl.command.1.tlog
c:\sachin\sim\neurosim\neurosim\x64\debug\neurosim.tlog\cl.items.tlog
c:\sachin\sim\neurosim\neurosim\x64\debug\neurosim.tlog\cl.read.1.tlog
c:\sachin\sim\neurosim\neurosim\x64\debug\neurosim.tlog\cl.write.1.tlog
c:\sachin\sim\neurosim\neurosim\x64\debug\neurosim.tlog\link.21400-cvtres.read.1.tlog
c:\sachin\sim\neurosim\neurosim\x64\debug\neurosim.tlog\link.21400-cvtres.write.1.tlog
c:\sachin\sim\neurosim\neurosim\x64\debug\neurosim.tlog\link.21400-rc.read.1.tlog
c:\sachin\sim\neurosim\neurosim\x64\debug\neurosim.tlog\link.21400-rc.write.1.tlog
c:\sachin\sim\neurosim\neurosim\x64\debug\neurosim.tlog\link.21400.read.1.tlog
c:\sachin\sim\neurosim\neurosim\x64\debug\neurosim.tlog\link.21400.read.2.tlog
c:\sachin\sim\neurosim\neurosim\x64\debug\neurosim.tlog\link.21400.write.1.tlog
c:\sachin\sim\neurosim\neurosim\x64\debug\neurosim.tlog\link.command.1.tlog
c:\sachin\sim\neurosim\neurosim\x64\debug\neurosim.tlog\link.read.1.tlog
c:\sachin\sim\neurosim\neurosim\x64\debug\neurosim.tlog\link.secondary.1.tlog
c:\sachin\sim\neurosim\neurosim\x64\debug\neurosim.tlog\link.write.1.tlog
