Mesh.obj : error LNK2019: unresolved external symbol __imp___glewBindBuffer referenced in function "public: void __cdecl Mesh::CreateMesh(float *,unsigned int *,unsigned int,unsigned int)" (?CreateMesh@Mesh@@QEAAXPEAMPEAIII@Z)
Mesh.obj : error LNK2019: unresolved external symbol __imp___glewBufferData referenced in function "public: void __cdecl Mesh::CreateMesh(float *,unsigned int *,unsigned int,unsigned int)" (?CreateMesh@Mesh@@QEAAXPEAMPEAIII@Z)
Mesh.obj : error LNK2019: unresolved external symbol __imp___glewDeleteBuffers referenced in function "public: void __cdecl Mesh::ClearMesh(void)" (?ClearMesh@Mesh@@QEAAXXZ)
Mesh.obj : error LNK2019: unresolved external symbol __imp___glewGenBuffers referenced in function "public: void __cdecl Mesh::CreateMesh(float *,unsigned int *,unsigned int,unsigned int)" (?CreateMesh@Mesh@@QEAAXPEAMPEAIII@Z)
Mesh.obj : error LNK2019: unresolved external symbol __imp___glewEnableVertexAttribArray referenced in function "public: void __cdecl Mesh::CreateMesh(float *,unsigned int *,unsigned int,unsigned int)" (?CreateMesh@Mesh@@QEAAXPEAMPEAIII@Z)
Mesh.obj : error LNK2019: unresolved external symbol __imp___glewVertexAttribPointer referenced in function "public: void __cdecl Mesh::CreateMesh(float *,unsigned int *,unsigned int,unsigned int)" (?CreateMesh@Mesh@@QEAAXPEAMPEAIII@Z)
Mesh.obj : error LNK2019: unresolved external symbol __imp___glewBindVertexArray referenced in function "public: void __cdecl Mesh::CreateMesh(float *,unsigned int *,unsigned int,unsigned int)" (?CreateMesh@Mesh@@QEAAXPEAMPEAIII@Z)
Mesh.obj : error LNK2019: unresolved external symbol __imp___glewDeleteVertexArrays referenced in function "public: void __cdecl Mesh::ClearMesh(void)" (?ClearMesh@Mesh@@QEAAXXZ)
Mesh.obj : error LNK2019: unresolved external symbol __imp___glewGenVertexArrays referenced in function "public: void __cdecl Mesh::CreateMesh(float *,unsigned int *,unsigned int,unsigned int)" (?CreateMesh@Mesh@@QEAAXPEAMPEAIII@Z)
NeuroSim.obj : error LNK2019: unresolved external symbol glfwWindowShouldClose referenced in function "public: bool __cdecl Window::getShouldClose(void)" (?getShouldClose@Window@@QEAA_NXZ)
NeuroSim.obj : error LNK2019: unresolved external symbol glfwPollEvents referenced in function main
NeuroSim.obj : error LNK2019: unresolved external symbol glfwSwapBuffers referenced in function "public: void __cdecl Window::swapBuffers(void)" (?swapBuffers@Window@@QEAAXXZ)
NeuroSim.obj : error LNK2019: unresolved external symbol __imp___glewUniformMatrix4fv referenced in function main
NeuroSim.obj : error LNK2019: unresolved external symbol __imp___glewUseProgram referenced in function main
Shader.obj : error LNK2001: unresolved external symbol __imp___glewUseProgram
Shader.obj : error LNK2019: unresolved external symbol __imp___glewAttachShader referenced in function "private: void __cdecl Shader::AddShader(unsigned int,char const *,unsigned int)" (?AddShader@Shader@@AEAAXIPEBDI@Z)
Shader.obj : error LNK2019: unresolved external symbol __imp___glewCompileShader referenced in function "private: void __cdecl Shader::AddShader(unsigned int,char const *,unsigned int)" (?AddShader@Shader@@AEAAXIPEBDI@Z)
Shader.obj : error LNK2019: unresolved external symbol __imp___glewCreateProgram referenced in function "private: void __cdecl Shader::CompileShader(char const *,char const *)" (?CompileShader@Shader@@AEAAXPEBD0@Z)
Shader.obj : error LNK2019: unresolved external symbol __imp___glewCreateShader referenced in function "private: void __cdecl Shader::AddShader(unsigned int,char const *,unsigned int)" (?AddShader@Shader@@AEAAXIPEBDI@Z)
Shader.obj : error LNK2019: unresolved external symbol __imp___glewDeleteProgram referenced in function "public: void __cdecl Shader::ClearShader(void)" (?ClearShader@Shader@@QEAAXXZ)
Shader.obj : error LNK2019: unresolved external symbol __imp___glewGetProgramInfoLog referenced in function "private: void __cdecl Shader::CompileShader(char const *,char const *)" (?CompileShader@Shader@@AEAAXPEBD0@Z)
Shader.obj : error LNK2019: unresolved external symbol __imp___glewGetProgramiv referenced in function "private: void __cdecl Shader::CompileShader(char const *,char const *)" (?CompileShader@Shader@@AEAAXPEBD0@Z)
Shader.obj : error LNK2019: unresolved external symbol __imp___glewGetShaderInfoLog referenced in function "private: void __cdecl Shader::AddShader(unsigned int,char const *,unsigned int)" (?AddShader@Shader@@AEAAXIPEBDI@Z)
Shader.obj : error LNK2019: unresolved external symbol __imp___glewGetShaderiv referenced in function "private: void __cdecl Shader::AddShader(unsigned int,char const *,unsigned int)" (?AddShader@Shader@@AEAAXIPEBDI@Z)
Shader.obj : error LNK2019: unresolved external symbol __imp___glewGetUniformLocation referenced in function "private: void __cdecl Shader::CompileShader(char const *,char const *)" (?CompileShader@Shader@@AEAAXPEBD0@Z)
Shader.obj : error LNK2019: unresolved external symbol __imp___glewLinkProgram referenced in function "private: void __cdecl Shader::CompileShader(char const *,char const *)" (?CompileShader@Shader@@AEAAXPEBD0@Z)
Shader.obj : error LNK2019: unresolved external symbol __imp___glewShaderSource referenced in function "private: void __cdecl Shader::AddShader(unsigned int,char const *,unsigned int)" (?AddShader@Shader@@AEAAXIPEBDI@Z)
Shader.obj : error LNK2019: unresolved external symbol __imp___glewValidateProgram referenced in function "private: void __cdecl Shader::CompileShader(char const *,char const *)" (?CompileShader@Shader@@AEAAXPEBD0@Z)
Window.obj : error LNK2019: unresolved external symbol __imp_glewInit referenced in function "public: int __cdecl Window::Initialise(void)" (?Initialise@Window@@QEAAHXZ)
Window.obj : error LNK2019: unresolved external symbol __imp_glewGetErrorString referenced in function "public: int __cdecl Window::Initialise(void)" (?Initialise@Window@@QEAAHXZ)
Window.obj : error LNK2019: unresolved external symbol glfwInit referenced in function "public: int __cdecl Window::Initialise(void)" (?Initialise@Window@@QEAAHXZ)
Window.obj : error LNK2019: unresolved external symbol glfwTerminate referenced in function "public: __cdecl Window::~Window(void)" (??1Window@@QEAA@XZ)
Window.obj : error LNK2019: unresolved external symbol glfwWindowHint referenced in function "public: int __cdecl Window::Initialise(void)" (?Initialise@Window@@QEAAHXZ)
Window.obj : error LNK2019: unresolved external symbol glfwCreateWindow referenced in function "public: int __cdecl Window::Initialise(void)" (?Initialise@Window@@QEAAHXZ)
Window.obj : error LNK2019: unresolved external symbol glfwDestroyWindow referenced in function "public: __cdecl Window::~Window(void)" (??1Window@@QEAA@XZ)
Window.obj : error LNK2019: unresolved external symbol glfwGetFramebufferSize referenced in function "public: int __cdecl Window::Initialise(void)" (?Initialise@Window@@QEAAHXZ)
Window.obj : error LNK2019: unresolved external symbol glfwMakeContextCurrent referenced in function "public: int __cdecl Window::Initialise(void)" (?Initialise@Window@@QEAAHXZ)
Window.obj : error LNK2019: unresolved external symbol __imp_glewExperimental referenced in function "public: int __cdecl Window::Initialise(void)" (?Initialise@Window@@QEAAHXZ)
C:\SACHIN\Sim\NeuroSim\ExternalLibs\GLEW\lib\Release\Win32\glew32.lib : warning LNK4272: library machine type 'x86' conflicts with target machine type 'x64'
C:\SACHIN\Sim\NeuroSim\ExternalLibs\GLFW\lib-vc2022\glfw3.lib : warning LNK4272: library machine type 'x86' conflicts with target machine type 'x64'
C:\SACHIN\Sim\NeuroSim\x64\Debug\NeuroSim.exe : fatal error LNK1120: 37 unresolved externals
